<?xml version="1.0" encoding="UTF-8"?>
<!-- Generated by org.testng.reporters.JUnitReportReporter -->
<testsuite hostname="A" failures="0" tests="1" name="com.ad.tests.LoginTest" time="24.680" errors="0" timestamp="27 Apr 2024 07:20:58 GMT" skipped="0">
  <testcase classname="com.ad.tests.LoginTest" name="loginTest" time="24.680"/>
</testsuite> <!-- com.ad.tests.LoginTest -->
